#
# A fatal error has been detected by the Java Runtime Environment:
#
#  SIGSEGV (0xb) at pc=0x00000000, pid=18791, tid=2327104320
#
# JRE version: 6.0_27-b27
# Java VM: OpenJDK Client VM (20.0-b12 mixed mode linux-x86 )
# Derivative: IcedTea6 1.12.5
# Distribution: Debian GNU/Linux unstable (sid), package 6b27-1.12.5-2
# Problematic frame:
# C  0x00000000
#
# If you would like to submit a bug report, please include
# instructions how to reproduce the bug and visit:
#   http://icedtea.classpath.org/bugzilla
#

---------------  T H R E A D  ---------------

Current thread is native thread

siginfo:si_signo=SIGSEGV: si_errno=0, si_code=1 (SEGV_MAPERR), si_addr=0x00000000

Registers:
EAX=0x8f74d450, EBX=0x8f74cff4, ECX=0x00000000, EDX=0x8fddef00
ESP=0x8ab4c1ec, EBP=0x00012000, ESI=0x00000800, EDI=0x8fdcada0
EIP=0x00000000, EFLAGS=0x00010246, CR2=0x00000000

Top of Stack: (sp=0x8ab4c1ec)
0x8ab4c1ec:   8f71a348 8fdcada0 00000000 00002000
0x8ab4c1fc:   8f6d4ac3 8ab4c218 0000000a 51de94f6
0x8ab4c20c:   8f6d4c4d 00000000 80000000 00013fff
0x8ab4c21c:   b775e51e b77653ef 8f6ab000 8f6abc20
0x8ab4c22c:   8f6ab000 bb800000 00004000 8fdc1790
0x8ab4c23c:   8f66ac66 8fdc1790 00004000 8f6fc000
0x8ab4c24c:   8f669b4d 8fdc804c 8fdc7c58 00000000
0x8ab4c25c:   8f68818f 8fdc7b70 8f6abc20 8f6ab000 

Instructions: (pc=0x00000000)
0xffffffe0:   

Register to memory mapping:

EAX=0x8f74d450: <offset 0x50450> in /tmp/libgdxmalrok/335398564/libopenal.so at 0x8f6fd000
EBX=0x8f74cff4: <offset 0x4fff4> in /tmp/libgdxmalrok/335398564/libopenal.so at 0x8f6fd000
ECX=0x00000000 is an unknown value
EDX=0x8fddef00 is an unknown value
ESP=0x8ab4c1ec is an unknown value
EBP=0x00012000 is an unknown value
ESI=0x00000800 is an unknown value
EDI=0x8fdcada0 is an unknown value


Stack: [0x8aa4d000,0x8ab4d000],  sp=0x8ab4c1ec,  free space=1020k

---------------  P R O C E S S  ---------------

VM state:not at safepoint (normal execution)

VM Mutex/Monitor currently owned by a thread: None

Heap
 def new generation   total 4928K, used 678K [0x906f0000, 0x90c40000, 0x9b190000)
  eden space 4416K,  10% used [0x906f0000, 0x907604b0, 0x90b40000)
  from space 512K,  44% used [0x90b40000, 0x90b79468, 0x90bc0000)
  to   space 512K,   0% used [0x90bc0000, 0x90bc0000, 0x90c40000)
 tenured generation   total 10944K, used 465K [0x9b190000, 0x9bc40000, 0xb06f0000)
   the space 10944K,   4% used [0x9b190000, 0x9b204470, 0x9b204600, 0x9bc40000)
 compacting perm gen  total 12288K, used 7531K [0xb06f0000, 0xb12f0000, 0xb46f0000)
   the space 12288K,  61% used [0xb06f0000, 0xb0e4ad50, 0xb0e4ae00, 0xb12f0000)
No shared spaces configured.

Code Cache  [0xb4776000, 0xb488e000, 0xb6776000)
 total_blobs=662 nmethods=382 adapters=224 free_code_cache=32435264 largest_free_block=0

Dynamic libraries:
